{"C:\\Users\\Asus\\Desktop\\RentEasy\\RentEasy\\frontend\\app\\login\\page.tsx": {"path":"C:\\Users\\Asus\\Desktop\\RentEasy\\RentEasy\\frontend\\app\\login\\page.tsx","statementMap":{"0":{"start":{"line":17,"column":24},"end":{"line":17,"column":null}},"1":{"start":{"line":5,"column":25},"end":{"line":5,"column":null}},"2":{"start":{"line":6,"column":43},"end":{"line":6,"column":null}},"3":{"start":{"line":7,"column":23},"end":{"line":7,"column":null}},"4":{"start":{"line":8,"column":23},"end":{"line":8,"column":null}},"5":{"start":{"line":9,"column":74},"end":{"line":9,"column":null}},"6":{"start":{"line":10,"column":22},"end":{"line":10,"column":null}},"7":{"start":{"line":11,"column":22},"end":{"line":11,"column":null}},"8":{"start":{"line":12,"column":40},"end":{"line":12,"column":null}},"9":{"start":{"line":13,"column":24},"end":{"line":13,"column":null}},"10":{"start":{"line":14,"column":17},"end":{"line":14,"column":null}},"11":{"start":{"line":15,"column":24},"end":{"line":15,"column":null}},"12":{"start":{"line":18,"column":28},"end":{"line":18,"column":null}},"13":{"start":{"line":19,"column":34},"end":{"line":19,"column":null}},"14":{"start":{"line":20,"column":36},"end":{"line":20,"column":null}},"15":{"start":{"line":21,"column":28},"end":{"line":21,"column":null}},"16":{"start":{"line":22,"column":20},"end":{"line":22,"column":null}},"17":{"start":{"line":23,"column":17},"end":{"line":23,"column":null}},"18":{"start":{"line":24,"column":23},"end":{"line":24,"column":null}},"19":{"start":{"line":25,"column":19},"end":{"line":25,"column":null}},"20":{"start":{"line":27,"column":23},"end":{"line":38,"column":null}},"21":{"start":{"line":28,"column":4},"end":{"line":28,"column":null}},"22":{"start":{"line":29,"column":4},"end":{"line":29,"column":null}},"23":{"start":{"line":30,"column":4},"end":{"line":30,"column":null}},"24":{"start":{"line":31,"column":20},"end":{"line":31,"column":null}},"25":{"start":{"line":32,"column":4},"end":{"line":32,"column":null}},"26":{"start":{"line":33,"column":4},"end":{"line":37,"column":null}},"27":{"start":{"line":34,"column":6},"end":{"line":34,"column":null}},"28":{"start":{"line":36,"column":6},"end":{"line":36,"column":null}},"29":{"start":{"line":72,"column":37},"end":{"line":72,"column":null}},"30":{"start":{"line":83,"column":37},"end":{"line":83,"column":null}}},"fnMap":{"0":{"name":"LoginPage","decl":{"start":{"line":17,"column":24},"end":{"line":17,"column":null}},"loc":{"start":{"line":17,"column":24},"end":{"line":103,"column":null}}},"1":{"name":"(anonymous_3)","decl":{"start":{"line":27,"column":23},"end":{"line":27,"column":30}},"loc":{"start":{"line":27,"column":30},"end":{"line":38,"column":null}}},"2":{"name":"(anonymous_4)","decl":{"start":{"line":72,"column":30},"end":{"line":72,"column":31}},"loc":{"start":{"line":72,"column":37},"end":{"line":72,"column":null}}},"3":{"name":"(anonymous_5)","decl":{"start":{"line":83,"column":30},"end":{"line":83,"column":31}},"loc":{"start":{"line":83,"column":37},"end":{"line":83,"column":null}}}},"branchMap":{"0":{"loc":{"start":{"line":25,"column":19},"end":{"line":25,"column":null}},"type":"binary-expr","locations":[{"start":{"line":25,"column":19},"end":{"line":25,"column":51}},{"start":{"line":25,"column":51},"end":{"line":25,"column":null}}]},"1":{"loc":{"start":{"line":33,"column":4},"end":{"line":37,"column":null}},"type":"if","locations":[{"start":{"line":33,"column":4},"end":{"line":37,"column":null}},{"start":{"line":35,"column":11},"end":{"line":37,"column":null}}]},"2":{"loc":{"start":{"line":60,"column":17},"end":{"line":60,"column":null}},"type":"binary-expr","locations":[{"start":{"line":60,"column":17},"end":{"line":60,"column":null}}]},"3":{"loc":{"start":{"line":88,"column":19},"end":{"line":88,"column":null}},"type":"cond-expr","locations":[{"start":{"line":88,"column":31},"end":{"line":88,"column":49}},{"start":{"line":88,"column":49},"end":{"line":88,"column":null}}]}},"s":{"0":2,"1":1,"2":1,"3":1,"4":1,"5":1,"6":1,"7":1,"8":1,"9":1,"10":1,"11":1,"12":50,"13":50,"14":50,"15":50,"16":50,"17":50,"18":50,"19":50,"20":50,"21":2,"22":2,"23":2,"24":2,"25":2,"26":2,"27":1,"28":1,"29":30,"30":14},"f":{"0":50,"1":2,"2":30,"3":14},"b":{"0":[50,0],"1":[1,1],"2":[50],"3":[2,48]}}
}
