TN:
SF:app\login\page.tsx
FN:17,LoginPage
FN:27,(anonymous_3)
FN:72,(anonymous_4)
FN:83,(anonymous_5)
FNF:4
FNH:4
FNDA:50,LoginPage
FNDA:2,(anonymous_3)
FNDA:30,(anonymous_4)
FNDA:14,(anonymous_5)
DA:5,1
DA:6,1
DA:7,1
DA:8,1
DA:9,1
DA:10,1
DA:11,1
DA:12,1
DA:13,1
DA:14,1
DA:15,1
DA:17,2
DA:18,50
DA:19,50
DA:20,50
DA:21,50
DA:22,50
DA:23,50
DA:24,50
DA:25,50
DA:27,50
DA:28,2
DA:29,2
DA:30,2
DA:31,2
DA:32,2
DA:33,2
DA:34,1
DA:36,1
DA:72,30
DA:83,14
LF:31
LH:31
BRDA:25,0,0,50
BRDA:25,0,1,0
BRDA:33,1,0,1
BRDA:33,1,1,1
BRDA:60,2,0,50
BRDA:88,3,0,2
BRDA:88,3,1,48
BRF:7
BRH:6
end_of_record
